<?xml version="1.0" encoding="UTF-8" ?>
<testsuite errors="3" failures="0" hostname="P-V-7" name="T0802.T08021_关键字搜索_参数化测试_谷歌浏览器68" skipped="0" tests="3" time="0.041" timestamp="2018-08-23T06:34:14">
  <properties>
[...]
</properties>
  <testcase classname="T0802.T08021_关键字搜索_参数化测试_谷歌浏览器68" name="initializationError" time="0.0">
    <error message="The class T0802.T08021_关键字搜索_参数化测试_谷歌浏览器68 is not public." type="java.lang.Exception">java.lang.Exception: The class T0802.T08021_关键字搜索_参数化测试_谷歌浏览器68 is not public.
	at java.lang.reflect.Constructor.newInstance(Unknown Source)
</error>
    <error message="Test class should have exactly one public constructor" type="java.lang.Exception">java.lang.Exception: Test class should have exactly one public constructor
	at java.lang.reflect.Constructor.newInstance(Unknown Source)
</error>
    <error message="No runnable methods" type="java.lang.Exception">java.lang.Exception: No runnable methods
	at java.lang.reflect.Constructor.newInstance(Unknown Source)
</error>
  </testcase>
  <system-out><![CDATA[]]></system-out>
  <system-err><![CDATA[]]></system-err>
</testsuite>
